<?xml version="1.0" encoding="UTF-8"?>
<testng-results skipped="0" failed="0" ignored="0" total="1" passed="1">
  <reporter-output>
  </reporter-output>
  <suite name="Default suite" duration-ms="28501" started-at="2020-08-29T20:20:06 BDT" finished-at="2020-08-29T20:20:34 BDT">
    <groups>
    </groups>
    <test name="Default test" duration-ms="28501" started-at="2020-08-29T20:20:06 BDT" finished-at="2020-08-29T20:20:34 BDT">
      <class name="com.w2a.testCases.ClassicCar_login">
        <test-method status="PASS" signature="loginAccount()[pri:0, instance:com.w2a.testCases.ClassicCar_login@568bf312]" name="loginAccount" duration-ms="28438" started-at="2020-08-29T20:20:06 BDT" finished-at="2020-08-29T20:20:34 BDT">
          <reporter-output>
          </reporter-output>
        </test-method> <!-- loginAccount -->
      </class> <!-- com.w2a.testCases.ClassicCar_login -->
    </test> <!-- Default test -->
  </suite> <!-- Default suite -->
</testng-results>
